{"C:\\Users\\Vlad-\\webgroup0010\\WS\\lab2\\db.js": {"path":"C:\\Users\\Vlad-\\webgroup0010\\WS\\lab2\\db.js","statementMap":{"0":{"start":{"line":1,"column":17},"end":{"line":1,"column":36}},"1":{"start":{"line":3,"column":0},"end":{"line":3,"column":27}},"2":{"start":{"line":5,"column":0},"end":{"line":5,"column":50}},"3":{"start":{"line":7,"column":21},"end":{"line":7,"column":40}},"4":{"start":{"line":9,"column":0},"end":{"line":9,"column":30}}},"fnMap":{},"branchMap":{},"s":{"0":1,"1":1,"2":1,"3":1,"4":1},"f":{},"b":{},"_coverageSchema":"1a1c01bbd47fc00a2c39e90264f33305004495a9","hash":"5019eab06e24c8b0d36b27dbbfeb63cbda78c324"}
,"C:\\Users\\Vlad-\\webgroup0010\\WS\\lab2\\index.js": {"path":"C:\\Users\\Vlad-\\webgroup0010\\WS\\lab2\\index.js","statementMap":{"0":{"start":{"line":1,"column":16},"end":{"line":1,"column":34}},"1":{"start":{"line":2,"column":19},"end":{"line":2,"column":41}},"2":{"start":{"line":4,"column":21},"end":{"line":4,"column":39}},"3":{"start":{"line":6,"column":12},"end":{"line":6,"column":21}},"4":{"start":{"line":8,"column":0},"end":{"line":8,"column":27}},"5":{"start":{"line":10,"column":0},"end":{"line":18,"column":3}},"6":{"start":{"line":11,"column":2},"end":{"line":17,"column":3}},"7":{"start":{"line":12,"column":18},"end":{"line":12,"column":44}},"8":{"start":{"line":13,"column":4},"end":{"line":13,"column":23}},"9":{"start":{"line":14,"column":4},"end":{"line":14,"column":32}},"10":{"start":{"line":16,"column":4},"end":{"line":16,"column":32}},"11":{"start":{"line":20,"column":0},"end":{"line":27,"column":3}},"12":{"start":{"line":21,"column":2},"end":{"line":26,"column":3}},"13":{"start":{"line":22,"column":19},"end":{"line":22,"column":44}},"14":{"start":{"line":23,"column":4},"end":{"line":23,"column":21}},"15":{"start":{"line":25,"column":4},"end":{"line":25,"column":32}},"16":{"start":{"line":29,"column":0},"end":{"line":41,"column":3}},"17":{"start":{"line":30,"column":13},"end":{"line":30,"column":26}},"18":{"start":{"line":32,"column":2},"end":{"line":40,"column":3}},"19":{"start":{"line":33,"column":18},"end":{"line":33,"column":49}},"20":{"start":{"line":34,"column":4},"end":{"line":36,"column":5}},"21":{"start":{"line":35,"column":6},"end":{"line":35,"column":53}},"22":{"start":{"line":37,"column":4},"end":{"line":37,"column":20}},"23":{"start":{"line":39,"column":4},"end":{"line":39,"column":32}},"24":{"start":{"line":43,"column":0},"end":{"line":58,"column":3}},"25":{"start":{"line":44,"column":13},"end":{"line":44,"column":26}},"26":{"start":{"line":46,"column":2},"end":{"line":57,"column":3}},"27":{"start":{"line":47,"column":18},"end":{"line":50,"column":6}},"28":{"start":{"line":51,"column":4},"end":{"line":53,"column":5}},"29":{"start":{"line":52,"column":6},"end":{"line":52,"column":53}},"30":{"start":{"line":54,"column":4},"end":{"line":54,"column":20}},"31":{"start":{"line":56,"column":4},"end":{"line":56,"column":32}},"32":{"start":{"line":60,"column":0},"end":{"line":72,"column":3}},"33":{"start":{"line":61,"column":13},"end":{"line":61,"column":26}},"34":{"start":{"line":63,"column":2},"end":{"line":71,"column":3}},"35":{"start":{"line":64,"column":18},"end":{"line":64,"column":58}},"36":{"start":{"line":65,"column":4},"end":{"line":67,"column":5}},"37":{"start":{"line":66,"column":6},"end":{"line":66,"column":53}},"38":{"start":{"line":68,"column":4},"end":{"line":68,"column":20}},"39":{"start":{"line":70,"column":4},"end":{"line":70,"column":32}},"40":{"start":{"line":74,"column":0},"end":{"line":74,"column":21}},"41":{"start":{"line":76,"column":0},"end":{"line":82,"column":1}},"42":{"start":{"line":77,"column":15},"end":{"line":77,"column":39}},"43":{"start":{"line":79,"column":2},"end":{"line":81,"column":5}},"44":{"start":{"line":80,"column":4},"end":{"line":80,"column":55}}},"fnMap":{"0":{"name":"(anonymous_0)","decl":{"start":{"line":10,"column":20},"end":{"line":10,"column":21}},"loc":{"start":{"line":10,"column":40},"end":{"line":18,"column":1}},"line":10},"1":{"name":"(anonymous_1)","decl":{"start":{"line":20,"column":19},"end":{"line":20,"column":20}},"loc":{"start":{"line":20,"column":39},"end":{"line":27,"column":1}},"line":20},"2":{"name":"(anonymous_2)","decl":{"start":{"line":29,"column":23},"end":{"line":29,"column":24}},"loc":{"start":{"line":29,"column":43},"end":{"line":41,"column":1}},"line":29},"3":{"name":"(anonymous_3)","decl":{"start":{"line":43,"column":25},"end":{"line":43,"column":26}},"loc":{"start":{"line":43,"column":45},"end":{"line":58,"column":1}},"line":43},"4":{"name":"(anonymous_4)","decl":{"start":{"line":60,"column":26},"end":{"line":60,"column":27}},"loc":{"start":{"line":60,"column":46},"end":{"line":72,"column":1}},"line":60},"5":{"name":"(anonymous_5)","decl":{"start":{"line":79,"column":19},"end":{"line":79,"column":20}},"loc":{"start":{"line":79,"column":25},"end":{"line":81,"column":3}},"line":79}},"branchMap":{"0":{"loc":{"start":{"line":34,"column":4},"end":{"line":36,"column":5}},"type":"if","locations":[{"start":{"line":34,"column":4},"end":{"line":36,"column":5}},{"start":{},"end":{}}],"line":34},"1":{"loc":{"start":{"line":51,"column":4},"end":{"line":53,"column":5}},"type":"if","locations":[{"start":{"line":51,"column":4},"end":{"line":53,"column":5}},{"start":{},"end":{}}],"line":51},"2":{"loc":{"start":{"line":65,"column":4},"end":{"line":67,"column":5}},"type":"if","locations":[{"start":{"line":65,"column":4},"end":{"line":67,"column":5}},{"start":{},"end":{}}],"line":65},"3":{"loc":{"start":{"line":76,"column":0},"end":{"line":82,"column":1}},"type":"if","locations":[{"start":{"line":76,"column":0},"end":{"line":82,"column":1}},{"start":{},"end":{}}],"line":76},"4":{"loc":{"start":{"line":77,"column":15},"end":{"line":77,"column":39}},"type":"binary-expr","locations":[{"start":{"line":77,"column":15},"end":{"line":77,"column":31}},{"start":{"line":77,"column":35},"end":{"line":77,"column":39}}],"line":77}},"s":{"0":1,"1":1,"2":1,"3":1,"4":1,"5":1,"6":1,"7":1,"8":1,"9":1,"10":0,"11":1,"12":1,"13":1,"14":1,"15":0,"16":1,"17":0,"18":0,"19":0,"20":0,"21":0,"22":0,"23":0,"24":1,"25":0,"26":0,"27":0,"28":0,"29":0,"30":0,"31":0,"32":1,"33":1,"34":1,"35":1,"36":1,"37":0,"38":1,"39":0,"40":1,"41":1,"42":0,"43":0,"44":0},"f":{"0":1,"1":1,"2":0,"3":0,"4":1,"5":0},"b":{"0":[0,0],"1":[0,0],"2":[0,1],"3":[0,1],"4":[0,0]},"_coverageSchema":"1a1c01bbd47fc00a2c39e90264f33305004495a9","hash":"35538e5efde49c4b8ef87a60f08e448bce59aacf"}
,"C:\\Users\\Vlad-\\webgroup0010\\WS\\lab2\\models.js": {"path":"C:\\Users\\Vlad-\\webgroup0010\\WS\\lab2\\models.js","statementMap":{"0":{"start":{"line":1,"column":17},"end":{"line":1,"column":36}},"1":{"start":{"line":3,"column":19},"end":{"line":7,"column":2}},"2":{"start":{"line":9,"column":14},"end":{"line":9,"column":49}},"3":{"start":{"line":11,"column":0},"end":{"line":11,"column":23}}},"fnMap":{},"branchMap":{},"s":{"0":1,"1":1,"2":1,"3":1},"f":{},"b":{},"_coverageSchema":"1a1c01bbd47fc00a2c39e90264f33305004495a9","hash":"8b12d7ca985793f44e71c948e02a0fa987b20bf6"}
}
